Arguments: 
  C:\Program Files\nodejs\node.exe C:\Users\hugoj\AppData\Roaming\npm\node_modules\yarn\bin\yarn.js

PATH: 
  C:\Users\hugoj\bin;C:\Program Files\Git\mingw64\bin;C:\Program Files\Git\usr\local\bin;C:\Program Files\Git\usr\bin;C:\Program Files\Git\usr\bin;C:\Program Files\Git\mingw64\bin;C:\Program Files\Git\usr\bin;C:\Users\hugoj\bin;C:\Python311\Scripts;C:\Python311;C:\Windows\system32;C:\Windows;C:\Windows\System32\Wbem;C:\Windows\System32\WindowsPowerShell\v1.0;C:\Windows\System32\OpenSSH;C:\Program Files\nodejs;C:\ProgramData\chocolatey\bin;C:\Program Files (x86)\dotnet;C:\Program Files\Git\cmd;C:\Program Files\MySQL\MySQL Shell 8.0\bin;C:\Users\hugoj\AppData\Local\Microsoft\WindowsApps;C:\Users\hugoj\AppData\Local\Programs\Microsoft VS Code\bin;C:\Users\hugoj\AppData\Roaming\npm;C:\Program Files\Git\usr\bin\vendor_perl;C:\Program Files\Git\usr\bin\core_perl

Yarn version: 
  1.22.19

Node version: 
  18.17.1

Platform: 
  win32 x64

Trace: 
  Error: EPERM: operation not permitted, unlink 'C:\Users\hugoj\OneDrive\Documentos\Tag-RFID\back\node_modules\bufferutil\prebuilds\win32-x64\node.napi.node'

npm manifest: 
  {
    "name": "back",
    "version": "1.0.0",
    "description": "",
    "main": "index.js",
    "scripts": {
      "test": "echo \"Error: no test specified\" && exit 1"
    },
    "keywords": [],
    "author": "",
    "license": "ISC",
    "dependencies": {
      "@prisma/client": "^5.6.0",
      "body-parser": "^1.20.2",
      "cors": "^2.8.5",
      "express": "^4.18.2",
      "moment": "^2.29.4",
      "socket.io": "^4.7.2",
      "websocket": "^1.0.34"
    },
    "devDependencies": {
      "prisma": "^5.6.0"
    }
  }

yarn manifest: 
  No manifest

Lockfile: 
  No lockfile
